[2017-12-23 19:25:24] START
[2017-12-23 19:25:24] CREATE test.py: 0
[2017-12-23 19:27:44] EDIT myapp/controllers/test.py: 3
[2017-12-23 19:30:38] DELETE myapp/controllers/test.py: -4
[2017-12-23 19:31:17] EDIT myapp/controllers/default.py: 1
[2017-12-23 19:33:20] EDIT myapp/views/default/index.html: -36
[2017-12-23 19:34:33] EDIT myapp/views/default/index.html: 0
[2017-12-23 19:34:33] EDIT myapp/views/default/index.html: 0
[2017-12-23 19:35:32] EDIT myapp/controllers/default.py: -2
[2017-12-23 19:35:33] EDIT myapp/controllers/default.py: 0
[2017-12-23 19:35:58] EDIT myapp/controllers/default.py: 0
[2017-12-23 19:35:59] EDIT myapp/controllers/default.py: 0
[2017-12-23 19:36:00] EDIT myapp/controllers/default.py: 0
[2017-12-23 19:36:00] EDIT myapp/controllers/default.py: 0
[2017-12-23 19:36:40] EDIT myapp/controllers/default.py: 0
[2017-12-23 19:36:41] EDIT myapp/controllers/default.py: 0
[2017-12-23 19:36:41] EDIT myapp/controllers/default.py: 0
[2017-12-23 19:36:41] EDIT myapp/controllers/default.py: 0
[2017-12-23 19:36:42] EDIT myapp/controllers/default.py: 0
[2017-12-23 19:36:42] EDIT myapp/controllers/default.py: 0
[2017-12-23 19:37:06] EDIT myapp/controllers/default.py: 0
[2017-12-23 19:37:06] EDIT myapp/controllers/default.py: 0
[2017-12-23 19:37:06] EDIT myapp/controllers/default.py: 0
[2017-12-23 19:37:07] EDIT myapp/controllers/default.py: 0
[2017-12-23 19:37:46] EDIT myapp/controllers/default.py: 0
[2017-12-23 19:37:47] EDIT myapp/controllers/default.py: 0
[2017-12-23 19:37:47] EDIT myapp/controllers/default.py: 0
[2017-12-23 19:38:10] EDIT myapp/controllers/default.py: 0
[2017-12-23 19:38:11] EDIT myapp/controllers/default.py: 0
[2017-12-23 19:40:11] EDIT myapp/views/default/index.html: 2
[2017-12-23 19:40:11] EDIT myapp/views/default/index.html: 0
[2017-12-23 19:40:11] EDIT myapp/views/default/index.html: 0
[2017-12-23 19:40:12] EDIT myapp/views/default/index.html: 0
[2017-12-23 20:18:16] EDIT myapp/controllers/default.py: 4
[2017-12-23 20:18:24] EDIT myapp/controllers/default.py: 0
[2017-12-23 20:18:31] EDIT myapp/controllers/default.py: -1
[2017-12-23 20:18:32] EDIT myapp/controllers/default.py: 0
[2017-12-23 20:18:39] EDIT myapp/controllers/default.py: 0
[2017-12-23 20:26:53] EDIT myapp/controllers/default.py: 0
[2017-12-23 20:29:08] EDIT myapp/controllers/default.py: 0
[2017-12-23 20:29:47] EDIT myapp/controllers/default.py: 0
[2017-12-23 20:29:47] EDIT myapp/controllers/default.py: 0
[2017-12-23 20:29:47] EDIT myapp/controllers/default.py: 0
[2017-12-23 20:30:17] EDIT myapp/controllers/default.py: 0
[2017-12-23 20:30:17] EDIT myapp/controllers/default.py: 0
[2017-12-25 13:28:57] EDIT myapp/controllers/default.py: 2
[2017-12-25 13:29:58] EDIT myapp/controllers/default.py: 0
[2017-12-25 13:32:18] EDIT myapp/controllers/default.py: 1
[2017-12-25 13:35:02] EDIT myapp/controllers/default.py: 0
[2017-12-25 13:35:05] EDIT myapp/views/default/index.html: 2
[2017-12-25 13:36:02] EDIT myapp/views/default/index.html: 0
[2017-12-25 13:36:42] EDIT myapp/views/default/index.html: 0
[2017-12-25 13:36:42] EDIT myapp/views/default/index.html: 0
[2017-12-25 13:36:42] EDIT myapp/views/default/index.html: 0
[2017-12-25 13:37:52] EDIT myapp/controllers/default.py: 0
[2017-12-25 13:38:26] EDIT myapp/controllers/default.py: 0
[2017-12-25 13:38:26] EDIT myapp/controllers/default.py: 0
[2017-12-25 13:39:55] EDIT myapp/controllers/default.py: 0
[2017-12-25 13:39:56] EDIT myapp/controllers/default.py: 0
[2017-12-25 13:40:56] EDIT myapp/views/default/index.html: -4
[2017-12-25 13:40:56] EDIT myapp/views/default/index.html: 0
[2017-12-25 13:40:56] EDIT myapp/views/default/index.html: 0
[2017-12-25 13:40:57] EDIT myapp/views/default/index.html: 0
[2017-12-25 13:40:57] EDIT myapp/views/default/index.html: 0
[2017-12-25 13:40:57] EDIT myapp/views/default/index.html: 0
[2017-12-25 13:41:09] EDIT myapp/views/default/index.html: 0
[2017-12-25 13:42:44] EDIT myapp/controllers/default.py: 1
[2017-12-25 13:42:44] EDIT myapp/controllers/default.py: 0
[2017-12-25 13:45:33] EDIT myapp/controllers/default.py: 2
[2017-12-25 13:45:33] EDIT myapp/controllers/default.py: 0
[2017-12-25 13:45:33] EDIT myapp/controllers/default.py: 0
[2017-12-25 13:45:43] EDIT myapp/controllers/default.py: 0
[2017-12-25 13:45:57] EDIT myapp/controllers/default.py: 0
[2017-12-25 13:45:58] EDIT myapp/controllers/default.py: 0
[2017-12-25 13:46:57] EDIT myapp/controllers/default.py: 0
[2017-12-25 13:46:58] EDIT myapp/controllers/default.py: 0
[2017-12-25 13:48:01] EDIT myapp/controllers/default.py: 0
[2017-12-25 13:48:01] EDIT myapp/controllers/default.py: 0
[2017-12-25 13:51:57] EDIT myapp/controllers/default.py: 1
[2017-12-25 13:51:57] EDIT myapp/controllers/default.py: 0
[2017-12-25 13:52:29] EDIT myapp/controllers/default.py: 0
[2017-12-25 13:57:09] EDIT myapp/controllers/default.py: 5
[2017-12-25 13:57:23] EDIT myapp/controllers/default.py: 0
[2017-12-25 13:58:06] EDIT myapp/controllers/default.py: 0
[2017-12-25 13:58:06] EDIT myapp/controllers/default.py: 0
[2017-12-25 13:58:07] EDIT myapp/controllers/default.py: 0
[2017-12-25 13:58:18] EDIT myapp/controllers/default.py: 0
[2017-12-25 13:58:21] EDIT myapp/controllers/default.py: 0
[2017-12-25 13:58:44] EDIT myapp/controllers/default.py: 0
[2017-12-25 13:58:44] EDIT myapp/controllers/default.py: 0
[2017-12-25 13:59:41] EDIT myapp/controllers/default.py: 0
[2017-12-25 13:59:41] EDIT myapp/controllers/default.py: 0
[2017-12-25 13:59:54] EDIT myapp/controllers/default.py: 0
[2017-12-25 14:00:01] EDIT myapp/controllers/default.py: 0
[2017-12-25 14:00:01] EDIT myapp/controllers/default.py: 0
